<?xml version="1.0" encoding="UTF-8"?>
<!-- Generated by org.testng.reporters.JUnitReportReporter -->
<testsuite skipped="0" hostname="priya-PC" name="SeleniumProject.OrangeHRMLoginPage" tests="1" failures="0" timestamp="16 Aug 2017 04:34:19 GMT" time="29.941" errors="0">
  <testcase name="Login" time="29.941" classname="SeleniumProject.OrangeHRMLoginPage"/>
</testsuite> <!-- SeleniumProject.OrangeHRMLoginPage -->
