<?xml version="1.0" encoding="UTF-8"?>
<!-- Generated by org.testng.reporters.JUnitReportReporter -->
<testsuite skipped="0" hostname="priya-PC" name="SeleniumProject.ExcelData" tests="1" failures="0" timestamp="19 Aug 2017 16:17:28 GMT" time="1.360" errors="0">
  <testcase name="ReadingData" time="1.360" classname="SeleniumProject.ExcelData"/>
</testsuite> <!-- SeleniumProject.ExcelData -->
