<?xml version="1.0" encoding="UTF-8"?>
<!-- Generated by org.testng.reporters.JUnitReportReporter -->
<testsuite skipped="0" hostname="priya-PC" name="SeleniumProject.ScrollDownPage" tests="1" failures="0" timestamp="27 Aug 2017 04:39:10 GMT" time="53.136" errors="0">
  <testcase name="scrollDown" time="53.136" classname="SeleniumProject.ScrollDownPage"/>
</testsuite> <!-- SeleniumProject.ScrollDownPage -->
