<?xml version="1.0" encoding="UTF-8"?>
<!-- Generated by org.testng.reporters.JUnitReportReporter -->
<testsuite skipped="0" hostname="priya-PC" name="SeleniumProject.SampleTestNG" tests="1" failures="0" timestamp="12 Aug 2017 10:10:37 GMT" time="23.460" errors="0">
  <testcase name="verifyTitle" time="23.460" classname="SeleniumProject.SampleTestNG"/>
</testsuite> <!-- SeleniumProject.SampleTestNG -->
