<?xml version="1.0" encoding="UTF-8"?>
<!-- Generated by org.testng.reporters.JUnitReportReporter -->
<testsuite skipped="0" hostname="priya-PC" name="SeleniumProject.MultipleWindows" tests="1" failures="0" timestamp="27 Aug 2017 11:53:20 GMT" time="57.777" errors="0">
  <testcase name="MultipleWindows" time="57.777" classname="SeleniumProject.MultipleWindows"/>
</testsuite> <!-- SeleniumProject.MultipleWindows -->
