<?xml version="1.0" encoding="UTF-8"?>
<!-- Generated by org.testng.reporters.JUnitReportReporter -->
<testsuite skipped="0" hostname="priya-PC" name="SeleniumProject.UserLogin" tests="1" failures="0" timestamp="21 Aug 2017 12:40:21 GMT" time="1.441" errors="0">
  <testcase name="ReadData" time="1.441" classname="SeleniumProject.UserLogin"/>
</testsuite> <!-- SeleniumProject.UserLogin -->
