<?xml version="1.0" encoding="UTF-8"?>
<!-- Generated by org.testng.reporters.JUnitReportReporter -->
<testsuite skipped="0" hostname="priya-PC" name="SeleniumProject.Salesforce" tests="1" failures="0" timestamp="05 Sep 2017 14:14:31 GMT" time="76.110" errors="0">
  <testcase name="Registartion" time="76.110" classname="SeleniumProject.Salesforce"/>
</testsuite> <!-- SeleniumProject.Salesforce -->
